<?xml version="1.0" encoding="UTF-8"?>
<!-- Generated by org.testng.reporters.JUnitReportReporter -->
<testsuite hostname="ASG611780" failures="0" tests="3" name="TestAPI" time="3.789" errors="0" timestamp="2021-03-13T17:48:31 AEST" skipped="0">
  <testcase classname="TestAPI" name="f" time="0.013"/>
  <system-out/>
  <testcase classname="TestAPI" name="testFacts" time="2.550"/>
  <system-out/>
  <testcase classname="TestAPI" name="testFactsId" time="1.226"/>
  <system-out/>
</testsuite> <!-- TestAPI -->
